[17:42:06] 目标城市：['rizhao']，headless=False
[17:42:06] 复用 OpenClaw 浏览器（CDP: http://127.0.0.1:18800），当前 URL: http://localhost:5300/
[17:42:07] 
============================================================
[17:42:07] ▶ 开始处理城市：日照 (rizhao)
[17:42:07] ============================================================
[17:42:09]   展开城市：日照
[17:42:11]   点击 DWD 按钮（2,102条）
[17:42:11] 
  [1] 分类「市政工程材料」解析率 45.8%
[17:42:11] 
  ▶ 处理分类「市政工程材料」（45.8%）
[17:42:12]   抽样面板已打开
[17:42:12] 
  ── 样本：CY-GG005H:13m6*400w
[17:42:12]   AI 分析中...
[17:42:17]   AI 生成 2 条规则
[17:42:18]   确认录入 2 条规则
[17:42:19]   抽样面板已消失，停止处理
[17:42:19]   面板处理完成（1 个样本）
[17:42:49]   清洗已触发（1 个样本）
[17:42:49]   等待清洗完成...
[17:42:50]   清洗完成（1s）
[17:42:54]   分类「市政工程材料」53.1%（< 100%），继续
[17:42:54] 
  [2] 分类「市政工程材料」解析率 53.1%
[17:42:54] 
  ▶ 处理分类「市政工程材料」（53.1%）
[17:43:14]   抽样面板未出现
[17:43:17]   分类「市政工程材料」53.1%（< 100%），继续
[17:43:17] 
  [3] 分类「市政工程材料」解析率 53.1%
[17:43:17] 
  ▶ 处理分类「市政工程材料」（53.1%）
[17:43:27]   抽样面板已打开
[17:43:27] 
  ── 样本：200×18.2
[17:43:28]   AI 分析中...
[17:43:32]   AI 生成 2 条规则
[17:43:32]   确认录入 2 条规则
[17:43:33]   抽样面板已消失，停止处理
[17:43:33]   面板处理完成（1 个样本）
[17:43:46]   清洗已触发（1 个样本）
[17:43:46]   等待清洗完成...
[17:43:47]   清洗完成（1s）
[17:43:51]   分类「市政工程材料」61.5%（< 100%），继续
[17:43:51] 
  [4] 分类「市政工程材料」解析率 61.5%
[17:43:51] 
  ▶ 处理分类「市政工程材料」（61.5%）
[17:43:52]   抽样面板已打开
[17:43:52]   抽样面板已消失，停止处理
[17:43:52]   面板处理完成（0 个样本）
[17:44:25]   分类「市政工程材料」61.5%（< 100%），继续
[17:44:25] 
  [5] 分类「市政工程材料」解析率 61.5%
[17:44:25] 
  ▶ 处理分类「市政工程材料」（61.5%）
[17:44:36]   抽样面板已打开
[17:44:36] 
  ── 样本：110×10.0
[17:44:36]   AI 分析中...
[17:44:40]   AI 生成 2 条规则
[17:44:41]   确认录入 2 条规则
[17:44:41]   抽样面板已消失，停止处理
[17:44:41]   面板处理完成（1 个样本）
[17:44:55]   清洗已触发（1 个样本）
[17:44:55]   等待清洗完成...
[17:44:56]   清洗完成（1s）
[17:45:00]   分类「市政工程材料」62.5%（< 100%），继续
[17:45:00] 
  [6] 分类「市政工程材料」解析率 62.5%
[17:45:00] 
  ▶ 处理分类「市政工程材料」（62.5%）
[17:45:15]   抽样面板未出现
[17:45:19]   分类「市政工程材料」62.5%（< 100%），继续
[17:45:19] 
  [7] 分类「市政工程材料」解析率 62.5%
[17:45:19] 
  ▶ 处理分类「市政工程材料」（62.5%）
[17:45:29]   抽样面板已打开
[17:45:29] 
  ── 样本：110×6.6
[17:45:29]   AI 分析中...
[17:45:32]   AI 生成 2 条规则
[17:45:33]   确认录入 2 条规则
[17:45:34]   抽样面板已消失，停止处理
[17:45:34]   面板处理完成（1 个样本）
[17:45:48]   清洗已触发（1 个样本）
[17:45:48]   等待清洗完成...
[17:45:49]   清洗完成（1s）
[17:45:53]   分类「市政工程材料」62.5%（< 100%），继续
[17:45:53] 
  [8] 分类「市政工程材料」解析率 62.5%
[17:45:53] 
  ▶ 处理分类「市政工程材料」（62.5%）
[17:46:09]   抽样面板未出现
[17:46:12]   分类「市政工程材料」62.5%（< 100%），继续
[17:46:12] 
  [9] 分类「市政工程材料」解析率 62.5%
[17:46:12] 
  ▶ 处理分类「市政工程材料」（62.5%）
[17:46:22]   抽样面板已打开
[17:46:22] 
  ── 样本：110×10.0
[17:46:22]   AI 分析中...
[17:46:26]   AI 生成 2 条规则
[17:46:27]   确认录入 2 条规则
[17:46:27]   抽样面板已消失，停止处理
[17:46:27]   面板处理完成（1 个样本）
[17:46:41]   清洗已触发（1 个样本）
[17:46:41]   等待清洗完成...
[17:46:42]   清洗完成（1s）
[17:46:46]   分类「市政工程材料」62.5%（< 100%），继续
[17:46:46] 
  [10] 分类「市政工程材料」解析率 62.5%
[17:46:46] 
  ▶ 处理分类「市政工程材料」（62.5%）
[17:47:01]   抽样面板未出现
[17:47:04]   分类「市政工程材料」62.5%（< 100%），继续
[17:47:05] 
  [11] 分类「市政工程材料」解析率 62.5%
[17:47:05] 
  ▶ 处理分类「市政工程材料」（62.5%）
[17:47:14]   抽样面板已打开
[17:47:14] 
  ── 样本：90×8.2
[17:47:15]   AI 分析中...
[17:47:18]   AI 生成 2 条规则
[17:47:19]   确认录入 2 条规则
[17:47:20]   抽样面板已消失，停止处理
[17:47:20]   面板处理完成（1 个样本）
[17:47:34]   清洗已触发（1 个样本）
[17:47:34]   等待清洗完成...
[17:47:35]   清洗完成（1s）
[17:47:39]   分类「市政工程材料」62.5%（< 100%），继续
[17:47:39] 
  [12] 分类「市政工程材料」解析率 62.5%
[17:47:39] 
  ▶ 处理分类「市政工程材料」（62.5%）
