[17:37:49] 目标城市：['rizhao']，headless=False
[17:37:50] 复用 OpenClaw 浏览器（CDP: http://127.0.0.1:18800），当前 URL: http://localhost:5300/
[17:37:51] 
============================================================
[17:37:51] ▶ 开始处理城市：日照 (rizhao)
[17:37:51] ============================================================
[17:37:53]   展开城市：日照
[17:37:54]   点击 DWD 按钮（2,102条）
[17:37:55] 
  [1] 分类「防水密封材料」解析率 32.9%
[17:37:55] 
  ▶ 处理分类「防水密封材料」（32.9%）
[17:37:55]   抽样面板已打开
[17:37:55] 
  ── 样本：I型
[17:37:55]   AI 分析中...
[17:38:04]   AI 生成 1 条规则
[17:38:04]   确认录入 1 条规则
[17:38:04]   抽样面板已消失，停止处理
[17:38:04]   面板处理完成（1 个样本）
[17:38:35]   清洗已触发（1 个样本）
[17:38:35]   等待清洗完成...
[17:38:38]   清洗完成（3s）
[17:38:44]   分类「防水密封材料」0.0%（< 100%），继续
[17:38:44] 
  [2] 分类「市政工程材料」解析率 6.2%
[17:38:44] 
  ▶ 处理分类「市政工程材料」（6.2%）
[17:38:44]   抽样面板已打开
[17:38:45] 
  ── 样本：DN1200(SN10)
[17:38:45]   AI 分析中...
[17:38:51]   AI 生成 2 条规则
[17:38:52]   确认录入 2 条规则
[17:38:52]   抽样面板已消失，停止处理
[17:38:52]   面板处理完成（1 个样本）
[17:39:23]   清洗已触发（1 个样本）
[17:39:23]   等待清洗完成...
[17:39:26]   清洗完成（3s）
[17:39:32]   分类「市政工程材料」28.1%（< 100%），继续
[17:39:32] 
  [3] 分类「市政工程材料」解析率 28.1%
[17:39:32] 
  ▶ 处理分类「市政工程材料」（28.1%）
[17:39:32]   抽样面板已打开
[17:39:32] 
  ── 样本：DN600 12.5KN
[17:39:33]   AI 分析中...
[17:39:39]   AI 生成 2 条规则
[17:39:40]   确认录入 2 条规则
[17:39:40]   抽样面板已消失，停止处理
[17:39:40]   面板处理完成（1 个样本）
[17:40:10]   清洗已触发（1 个样本）
[17:40:10]   等待清洗完成...
[17:40:13]   清洗完成（3s）
[17:40:19]   分类「市政工程材料」28.1%（< 100%），继续
[17:40:20] 
  [4] 分类「市政工程材料」解析率 28.1%
[17:40:20] 
  ▶ 处理分类「市政工程材料」（28.1%）
[17:40:20]   抽样面板已打开
[17:40:20] 
  ── 样本：15*25cm
[17:40:21]   AI 分析中...
[17:40:27]   AI 生成 2 条规则
[17:40:27]   确认录入 2 条规则
[17:40:28]   抽样面板已消失，停止处理
[17:40:28]   面板处理完成（1 个样本）
[17:40:58]   清洗已触发（1 个样本）
[17:40:58]   等待清洗完成...
[17:41:01]   清洗完成（3s）
[17:41:07]   分类「市政工程材料」35.4%（< 100%），继续
[17:41:07] 
  [5] 分类「市政工程材料」解析率 35.4%
[17:41:07] 
  ▶ 处理分类「市政工程材料」（35.4%）
[17:41:08]   抽样面板已打开
[17:41:08] 
  ── 样本：DN300 承插口
[17:41:08]   AI 分析中...
[17:41:14]   AI 生成 2 条规则
[17:41:15]   确认录入 2 条规则
[17:41:15]   抽样面板已消失，停止处理
[17:41:15]   面板处理完成（1 个样本）
[17:41:46]   清洗已触发（1 个样本）
[17:41:46]   等待清洗完成...
[17:41:49]   清洗完成（3s）
[17:41:55]   分类「市政工程材料」36.5%（< 100%），继续
[17:41:55] 
  [6] 分类「市政工程材料」解析率 36.5%
[17:41:55] 
  ▶ 处理分类「市政工程材料」（36.5%）
[17:41:56]   抽样面板已打开
[17:41:56] 
  ── 样本：DN300 承插口
[17:41:56]   AI 分析中...
[17:42:18]   AI 生成 2 条规则
[17:42:18]   确认录入 0 条规则
[17:42:19]   面板处理完成（0 个样本）
[17:42:52]   分类「市政工程材料」45.8%（< 100%），继续
[17:42:52] 
  [7] 分类「市政工程材料」解析率 45.8%
[17:42:52] 
  ▶ 处理分类「市政工程材料」（45.8%）
[17:42:53]   抽样面板已打开
[17:42:53] 
  ── 样本：DN900 12.5KN
[17:42:53]   AI 分析中...
[17:42:57]   AI 生成 2 条规则
[17:42:58]   确认录入 2 条规则
[17:42:58] 
  ── 样本：315×28.6
[17:42:59]   AI 分析中...
[17:43:03]   AI 生成 2 条规则
[17:43:03]   确认录入 2 条规则
[17:43:04]   抽样面板已消失，停止处理
[17:43:04]   面板处理完成（2 个样本）
[17:43:18]   清洗已触发（2 个样本）
[17:43:18]   等待清洗完成...
[17:43:21]   清洗完成（3s）
[17:43:27]   分类「市政工程材料」61.5%（< 100%），继续
[17:43:27] 
  [8] 分类「市政工程材料」解析率 61.5%
[17:43:27] 
  ▶ 处理分类「市政工程材料」（61.5%）
[17:43:42]   抽样面板未出现
[17:43:45]   分类「市政工程材料」61.5%（< 100%），继续
[17:43:46] 
  [9] 分类「市政工程材料」解析率 61.5%
[17:43:46] 
  ▶ 处理分类「市政工程材料」（61.5%）
[17:43:52]   抽样面板已打开
[17:43:52] 
  ── 样本：214红色
[17:43:52]   AI 分析中...
[17:44:00]   AI 生成 1 条规则
[17:44:01]   确认录入 1 条规则
[17:44:01]   抽样面板已消失，停止处理
[17:44:01]   面板处理完成（1 个样本）
[17:44:26]   清洗已触发（1 个样本）
[17:44:26]   等待清洗完成...
[17:44:29]   清洗完成（3s）
[17:44:35]   分类「市政工程材料」61.5%（< 100%），继续
[17:44:35] 
  [10] 分类「市政工程材料」解析率 61.5%
[17:44:35] 
  ▶ 处理分类「市政工程材料」（61.5%）
[17:44:51]   抽样面板未出现
[17:44:54]   分类「市政工程材料」62.5%（< 100%），继续
[17:44:54] 
  [11] 分类「市政工程材料」解析率 62.5%
[17:44:54] 
  ▶ 处理分类「市政工程材料」（62.5%）
[17:45:00]   抽样面板已打开
[17:45:00] 
  ── 样本：90×5.4
[17:45:01]   AI 分析中...
[17:45:05]   AI 生成 2 条规则
[17:45:05]   确认录入 2 条规则
[17:45:06]   抽样面板已消失，停止处理
[17:45:06]   面板处理完成（1 个样本）
[17:45:19]   清洗已触发（1 个样本）
[17:45:19]   等待清洗完成...
[17:45:22]   清洗完成（3s）
[17:45:28]   分类「市政工程材料」62.5%（< 100%），继续
[17:45:28] 
  [12] 分类「市政工程材料」解析率 62.5%
[17:45:28] 
  ▶ 处理分类「市政工程材料」（62.5%）
[17:45:44]   抽样面板未出现
[17:45:47]   分类「市政工程材料」62.5%（< 100%），继续
[17:45:47] 
  [13] 分类「市政工程材料」解析率 62.5%
[17:45:47] 
  ▶ 处理分类「市政工程材料」（62.5%）
[17:45:54]   抽样面板已打开
[17:45:54] 
  ── 样本：90×8.2
[17:45:54]   AI 分析中...
[17:45:58]   AI 生成 2 条规则
[17:45:59]   确认录入 2 条规则
[17:45:59]   抽样面板已消失，停止处理
[17:45:59]   面板处理完成（1 个样本）
[17:46:12]   清洗已触发（1 个样本）
[17:46:12]   等待清洗完成...
[17:46:15]   清洗完成（3s）
[17:46:21]   分类「市政工程材料」62.5%（< 100%），继续
[17:46:22] 
  [14] 分类「市政工程材料」解析率 62.5%
[17:46:22] 
  ▶ 处理分类「市政工程材料」（62.5%）
[17:46:37]   抽样面板未出现
[17:46:40]   分类「市政工程材料」62.5%（< 100%），继续
[17:46:40] 
  [15] 分类「市政工程材料」解析率 62.5%
[17:46:40] 
  ▶ 处理分类「市政工程材料」（62.5%）
[17:46:46]   抽样面板已打开
[17:46:46] 
  ── 样本：160×9.5
[17:46:46]   AI 分析中...
[17:46:50]   AI 生成 2 条规则
[17:46:51]   确认录入 2 条规则
[17:46:52]   抽样面板已消失，停止处理
[17:46:52]   面板处理完成（1 个样本）
[17:47:05]   清洗已触发（1 个样本）
[17:47:05]   等待清洗完成...
[17:47:08]   清洗完成（3s）
[17:47:14]   分类「市政工程材料」62.5%（< 100%），继续
[17:47:14] 
  [16] 分类「市政工程材料」解析率 62.5%
[17:47:14] 
  ▶ 处理分类「市政工程材料」（62.5%）
[17:47:30]   抽样面板未出现
[17:47:33]   分类「市政工程材料」62.5%（< 100%），继续
[17:47:33] 
  [17] 分类「市政工程材料」解析率 62.5%
[17:47:33] 
  ▶ 处理分类「市政工程材料」（62.5%）
[17:47:40]   抽样面板已打开
[17:47:40] 
  ── 样本：160×9.5
[17:47:40]   AI 分析中...
[17:47:44]   AI 生成 2 条规则
[17:47:45]   确认录入 2 条规则
[17:47:45]   抽样面板已消失，停止处理
[17:47:45]   面板处理完成（1 个样本）
