[17:49:24] 目标城市：['rizhao']，headless=False
[17:49:24] 复用 OpenClaw 浏览器（CDP: http://127.0.0.1:18800），当前 URL: http://localhost:5300/
[17:49:25] 
============================================================
[17:49:25] ▶ 开始处理城市：日照 (rizhao)
[17:49:25] ============================================================
[17:49:27]   展开城市：日照
[17:49:28]   点击 DWD 按钮（2,102条）
[17:49:29] 
  [1] 分类「市政工程材料」解析率 62.5%
[17:49:29] 
  ▶ 处理分类「市政工程材料」（62.5%）
[17:49:30]   抽样面板已打开
[17:49:30] 
  ── 样本：200×11.9
[17:49:30]   AI 分析中...
[17:49:34]   AI 生成 2 条规则
[17:49:35]   确认录入 2 条规则
[17:49:35]   抽样面板已消失，停止处理
[17:49:35]   面板处理完成（1 个样本）
[17:50:06]   清洗已触发（1 个样本）
[17:50:06]   等待清洗完成...
[17:50:08]   清洗完成（2s）
[17:50:09] 
  [2] 分类「市政工程材料」解析率 62.5%
[17:50:09] 
  ▶ 处理分类「市政工程材料」（62.5%）
[17:50:09]   抽样面板已打开
[17:50:09] 
  ── 样本：SBS
[17:50:10]   AI 分析中...
[17:50:21]   AI 生成 1 条规则
[17:50:22]   确认录入 1 条规则
[17:50:22]   抽样面板已消失，停止处理
[17:50:22]   面板处理完成（1 个样本）
[17:50:50]   清洗已触发（1 个样本）
[17:50:50]   等待清洗完成...
[17:50:51]   清洗完成（1s）
[17:50:52] 
  [3] 分类「市政工程材料」解析率 63.5%
[17:50:52] 
  ▶ 处理分类「市政工程材料」（63.5%）
[17:50:52]   抽样面板已打开
[17:50:52] 
  ── 样本：63×5.8
[17:50:53]   AI 分析中...
[17:50:57]   AI 生成 2 条规则
[17:50:58]   确认录入 2 条规则
[17:50:58]   抽样面板已消失，停止处理
[17:50:58]   面板处理完成（1 个样本）
[17:51:28]   清洗已触发（1 个样本）
[17:51:28]   等待清洗完成...
[17:51:30]   清洗完成（1s）
[17:51:31] 
  [4] 分类「市政工程材料」解析率 63.5%
[17:51:31] 
  ▶ 处理分类「市政工程材料」（63.5%）
[17:51:31]   抽样面板已打开
[17:51:31] 
  ── 样本：DN200 8KN
[17:51:32]   AI 分析中...
[17:51:36]   AI 生成 2 条规则
[17:51:36]   确认录入 2 条规则
[17:51:37]   抽样面板已消失，停止处理
[17:51:37]   面板处理完成（1 个样本）
