[18:22:08] 目标城市：['rizhao']，headless=False
[18:22:08] 复用 OpenClaw 浏览器（CDP: http://127.0.0.1:18800），当前 URL: http://localhost:5300/
[18:22:09] 
============================================================
[18:22:09] ▶ 开始处理城市：日照 (rizhao)
[18:22:09] ============================================================
[18:22:10]   展开城市：日照
[18:22:10]   点击 DWD 按钮（2,102条）
[18:22:10] 
  [1] 分类「市政工程材料」解析率 90.6%
[18:22:10] 
  ▶ 处理分类「市政工程材料」（90.6%）
[18:22:10]   抽样面板已打开
[18:22:10] 
  ── 样本：6cm
[18:22:11]   AI 分析中...
[18:22:17]   AI 生成 1 条规则
[18:22:17]   确认录入 1 条规则
[18:22:17]   抽样面板已消失，停止处理
[18:22:17]   面板处理完成（1 个样本）
[18:22:47]   清洗已触发（1 个样本）
[18:22:47]   等待清洗完成...
[18:22:48]   清洗完成（1s）
[18:22:49] 
  [2] 分类「市政工程材料」解析率 90.6%
[18:22:49] 
  ▶ 处理分类「市政工程材料」（90.6%）
[18:22:49]   抽样面板已打开
[18:22:49] 
  ── 样本：108*108 优等品
[18:22:49]   AI 分析中...
[18:22:54]   AI 生成 3 条规则
[18:22:54]   确认录入 3 条规则
[18:22:55]   抽样面板已消失，停止处理
[18:22:55]   面板处理完成（1 个样本）
[18:23:25]   清洗已触发（1 个样本）
[18:23:25]   等待清洗完成...
[18:23:26]   清洗完成（1s）
[18:23:27] 
  [3] 分类「市政工程材料」解析率 91.7%
[18:23:27] 
  ▶ 处理分类「市政工程材料」（91.7%）
[18:23:27]   抽样面板已打开
[18:23:27] 
  ── 样本：CY-DL1005H：8m250w
[18:23:27]   AI 分析中...
[18:23:32]   AI 生成 2 条规则
[18:23:32]   确认录入 2 条规则
[18:23:32]   抽样面板已消失，停止处理
[18:23:32]   面板处理完成（1 个样本）
[18:24:02]   清洗已触发（1 个样本）
[18:24:02]   等待清洗完成...
[18:24:03]   清洗完成（1s）
[18:24:04] 
  [4] 分类「市政工程材料」解析率 93.8%
[18:24:04] 
  ▶ 处理分类「市政工程材料」（93.8%）
[18:24:04]   抽样面板已打开
[18:24:04]   面板处理完成（0 个样本）
[18:24:05] 
  [5] 分类「电气材料」解析率 2.2%
[18:24:05] 
  ▶ 处理分类「电气材料」（2.2%）
[18:24:05]   抽样面板已打开
[18:24:05] 
  ── 样本：800*150*2.0
[18:24:05]   AI 分析中...
[18:24:10]   AI 生成 3 条规则
[18:24:10]   确认录入 3 条规则
[18:24:10]   抽样面板已消失，停止处理
[18:24:10]   面板处理完成（1 个样本）
[18:24:40]   清洗已触发（1 个样本）
[18:24:40]   等待清洗完成...
[18:24:41]   清洗完成（1s）
[18:24:42] 
  [6] 分类「电气材料」解析率 2.2%
[18:24:42] 
  ▶ 处理分类「电气材料」（2.2%）
[18:24:43]   抽样面板已打开
[18:24:43] 
  ── 样本：YJY-0.6/1KV-5*95
[18:24:43]   AI 分析中...
[18:24:48]   AI 生成 3 条规则
[18:24:48]   确认录入 3 条规则
[18:24:48]   抽样面板已消失，停止处理
[18:24:48]   面板处理完成（1 个样本）
[18:25:18]   清洗已触发（1 个样本）
[18:25:18]   等待清洗完成...
[18:25:19]   清洗完成（1s）
[18:25:20] 
  [7] 分类「电气材料」解析率 12.6%
[18:25:21] 
  ▶ 处理分类「电气材料」（12.6%）
[18:25:21]   抽样面板已打开
[18:25:21] 
  ── 样本：电话插座 普通
[18:25:21]   AI 分析中...
[18:25:35]   AI 生成 1 条规则
[18:25:35]   确认录入 1 条规则
[18:25:35]   抽样面板已消失，停止处理
[18:25:35]   面板处理完成（1 个样本）
[18:26:05]   清洗已触发（1 个样本）
[18:26:05]   等待清洗完成...
[18:26:06]   清洗完成（1s）
[18:26:07] 
  [8] 分类「电气材料」解析率 41.8%
[18:26:07] 
  ▶ 处理分类「电气材料」（41.8%）
[18:26:07]   抽样面板已打开
[18:26:07] 
  ── 样本：单开单控 普通
[18:26:07]   AI 分析中...
[18:26:12]   AI 生成 2 条规则
[18:26:12]   确认录入 2 条规则
[18:26:12]   抽样面板已消失，停止处理
[18:26:12]   面板处理完成（1 个样本）
[18:26:42]   清洗已触发（1 个样本）
[18:26:42]   等待清洗完成...
[18:26:43]   清洗完成（1s）
[18:26:44] 
  [9] 分类「电气材料」解析率 44.0%
[18:26:44] 
  ▶ 处理分类「电气材料」（44.0%）
[18:26:44]   抽样面板已打开
[18:26:44] 
  ── 样本：金加黑8火
[18:26:44]   AI 分析中...
[18:26:49]   AI 生成 2 条规则
[18:26:49]   确认录入 2 条规则
[18:26:49]   抽样面板已消失，停止处理
[18:26:49]   面板处理完成（1 个样本）
[18:27:19]   清洗已触发（1 个样本）
[18:27:19]   等待清洗完成...
[18:27:20]   清洗完成（1s）
[18:27:21] 
  [10] 分类「电气材料」解析率 47.8%
[18:27:21] 
  ▶ 处理分类「电气材料」（47.8%）
[18:27:21]   抽样面板已打开
[18:27:21] 
  ── 样本：50*25
[18:27:21]   AI 分析中...
[18:27:26]   AI 生成 2 条规则
[18:27:26]   确认录入 2 条规则
[18:27:26]   抽样面板已消失，停止处理
[18:27:26]   面板处理完成（1 个样本）
[18:27:56]   清洗已触发（1 个样本）
[18:27:56]   等待清洗完成...
[18:27:57]   清洗完成（1s）
[18:27:59] 
  [11] 分类「电气材料」解析率 49.5%
[18:27:59] 
  ▶ 处理分类「电气材料」（49.5%）
[18:27:59]   抽样面板已打开
[18:27:59] 
  ── 样本：2U5-11W
[18:27:59]   AI 分析中...
[18:28:05]   AI 生成 1 条规则
[18:28:05]   确认录入 1 条规则
[18:28:05]   抽样面板已消失，停止处理
[18:28:05]   面板处理完成（1 个样本）
[18:28:35]   清洗已触发（1 个样本）
[18:28:35]   等待清洗完成...
[18:28:36]   清洗完成（1s）
[18:28:37] 
  [12] 分类「电气材料」解析率 49.5%
[18:28:37] 
  ▶ 处理分类「电气材料」（49.5%）
[18:28:38]   抽样面板已打开
[18:28:38] 
  ── 样本：14寸
[18:28:38]   AI 分析中...
[18:28:42]   AI 生成 1 条规则
[18:28:42]   确认录入 1 条规则
[18:28:42]   抽样面板已消失，停止处理
[18:28:42]   面板处理完成（1 个样本）
[18:29:12]   清洗已触发（1 个样本）
[18:29:12]   等待清洗完成...
[18:29:13]   清洗完成（1s）
[18:29:14] 
  [13] 分类「电气材料」解析率 53.8%
[18:29:14] 
  ▶ 处理分类「电气材料」（53.8%）
[18:29:14]   抽样面板已打开
[18:29:15] 
  ── 样本：250W
[18:29:15]   AI 分析中...
[18:29:19]   AI 生成 1 条规则
[18:29:19]   确认录入 1 条规则
[18:29:19]   抽样面板已消失，停止处理
[18:29:19]   面板处理完成（1 个样本）
[18:29:49]   清洗已触发（1 个样本）
[18:29:49]   等待清洗完成...
[18:29:50]   清洗完成（1s）
[18:29:51] 
  [14] 分类「电气材料」解析率 57.1%
[18:29:51] 
  ▶ 处理分类「电气材料」（57.1%）
[18:29:52]   抽样面板已打开
[18:29:52] 
  ── 样本：BV-4
[18:29:52]   AI 分析中...
[18:29:56]   AI 生成 1 条规则
[18:29:56]   确认录入 1 条规则
[18:29:56]   抽样面板已消失，停止处理
[18:29:56]   面板处理完成（1 个样本）
[18:30:26]   清洗已触发（1 个样本）
[18:30:26]   等待清洗完成...
[18:30:27]   清洗完成（1s）
[18:30:28] 
  [15] 分类「电气材料」解析率 58.2%
[18:30:28] 
  ▶ 处理分类「电气材料」（58.2%）
[18:30:28]   抽样面板已打开
[18:30:28] 
  ── 样本：3U9-13W
[18:30:28]   AI 分析中...
[18:30:38]   AI 生成 1 条规则
[18:30:38]   确认录入 1 条规则
[18:30:38]   抽样面板已消失，停止处理
[18:30:38]   面板处理完成（1 个样本）
[18:31:08]   清洗已触发（1 个样本）
[18:31:08]   等待清洗完成...
[18:31:09]   清洗完成（1s）
[18:31:10] 
  [16] 分类「电气材料」解析率 65.9%
[18:31:10] 
  ▶ 处理分类「电气材料」（65.9%）
[18:31:11]   抽样面板已打开
[18:31:11] 
  ── 样本：400*200*2.0
[18:31:11]   AI 分析中...
[18:31:15]   AI 生成 3 条规则
[18:31:16]   确认录入 3 条规则
[18:31:16]   抽样面板已消失，停止处理
[18:31:16]   面板处理完成（1 个样本）
[18:31:46]   清洗已触发（1 个样本）
[18:31:46]   等待清洗完成...
[18:31:47]   清洗完成（1s）
[18:31:48] 
  [17] 分类「电气材料」解析率 69.2%
[18:31:48] 
  ▶ 处理分类「电气材料」（69.2%）
[18:31:48]   抽样面板已打开
[18:31:48] 
  ── 样本：13寸
[18:31:48]   AI 分析中...
[18:31:52]   AI 生成 1 条规则
[18:31:53]   确认录入 1 条规则
[18:31:53]   抽样面板已消失，停止处理
[18:31:53]   面板处理完成（1 个样本）
[18:32:23]   清洗已触发（1 个样本）
[18:32:23]   等待清洗完成...
[18:32:24]   清洗完成（1s）
[18:32:25] 
  [18] 分类「电气材料」解析率 71.4%
[18:32:25] 
  ▶ 处理分类「电气材料」（71.4%）
[18:32:25]   抽样面板已打开
[18:32:25] 
  ── 样本：200*10.0
[18:32:25]   AI 分析中...
[18:32:30]   AI 生成 2 条规则
[18:32:31]   确认录入 6 条规则
[18:32:31]   抽样面板已消失，停止处理
[18:32:31]   面板处理完成（1 个样本）
[18:33:01]   清洗已触发（1 个样本）
[18:33:01]   等待清洗完成...
[18:33:02]   清洗完成（1s）
[18:33:03] 
  [19] 分类「电气材料」解析率 73.6%
[18:33:03] 
  ▶ 处理分类「电气材料」（73.6%）
[18:33:03]   抽样面板已打开
[18:33:03] 
  ── 样本：SF-288A
[18:33:03]   AI 分析中...
[18:33:49]   AI 生成规则超时
[18:33:49]   面板处理完成（0 个样本）
[18:34:19] 
  [20] 分类「电气材料」解析率 75.3%
[18:34:19] 
  ▶ 处理分类「电气材料」（75.3%）
[18:34:19]   抽样面板已打开
[18:34:19] 
  ── 样本：GC-9
[18:34:19]   AI 分析中...
[18:35:04]   AI 生成规则超时
[18:35:04]   面板处理完成（0 个样本）
[18:35:34] 
  [21] 分类「电气材料」解析率 75.3%
[18:35:34] 
  ▶ 处理分类「电气材料」（75.3%）
[18:35:34]   抽样面板已打开
[18:35:34] 
  ── 样本：GC-11
[18:35:34]   AI 分析中...
[18:36:20]   AI 生成规则超时
[18:36:20]   面板处理完成（0 个样本）
[18:36:50] 
  [22] 分类「电气材料」解析率 75.3%
[18:36:50] 
  ▶ 处理分类「电气材料」（75.3%）
[18:36:50]   抽样面板已打开
[18:36:50] 
  ── 样本：SF-268A
[18:36:50]   AI 分析中...
[18:37:35]   AI 生成规则超时
[18:37:35]   面板处理完成（0 个样本）
[18:38:05] 
  [23] 分类「电气材料」解析率 75.3%
[18:38:05] 
  ▶ 处理分类「电气材料」（75.3%）
[18:38:06]   抽样面板已打开
[18:38:06] 
  ── 样本：GC-33
[18:38:06]   AI 分析中...
[18:38:51]   AI 生成规则超时
[18:38:51]   面板处理完成（0 个样本）
[18:39:21] 
  [24] 分类「电气材料」解析率 75.3%
[18:39:21] 
  ▶ 处理分类「电气材料」（75.3%）
[18:39:21]   抽样面板已打开
[18:39:21] 
  ── 样本：250W
[18:39:21]   AI 分析中...
[18:39:26]   AI 生成 1 条规则
[18:39:26]   确认录入 1 条规则
[18:39:26]   抽样面板已消失，停止处理
[18:39:26]   面板处理完成（1 个样本）
[18:39:56]   清洗已触发（1 个样本）
[18:39:56]   等待清洗完成...
[18:39:57]   清洗完成（1s）
[18:39:58] 
  [25] 分类「电气材料」解析率 75.3%
[18:39:58] 
  ▶ 处理分类「电气材料」（75.3%）
[18:39:58]   抽样面板已打开
[18:39:58] 
  ── 样本：KVV-7*2.5
[18:39:58]   AI 分析中...
[18:40:02]   AI 生成 2 条规则
[18:40:02]   确认录入 2 条规则
[18:40:03]   抽样面板已消失，停止处理
[18:40:03]   面板处理完成（1 个样本）
[18:40:33]   清洗已触发（1 个样本）
[18:40:33]   等待清洗完成...
[18:40:34]   清洗完成（1s）
[18:40:35] 
  [26] 分类「电气材料」解析率 80.2%
[18:40:35] 
  ▶ 处理分类「电气材料」（80.2%）
[18:40:35]   抽样面板已打开
[18:40:35] 
  ── 样本：H：4.5 5火
[18:40:35]   AI 分析中...
[18:40:39]   AI 生成 2 条规则
[18:40:39]   确认录入 2 条规则
[18:40:39]   抽样面板已消失，停止处理
[18:40:39]   面板处理完成（1 个样本）
[18:41:09]   清洗已触发（1 个样本）
[18:41:09]   等待清洗完成...
[18:41:10]   清洗完成（1s）
[18:41:12] 
  [27] 分类「电气材料」解析率 83.5%
[18:41:12] 
  ▶ 处理分类「电气材料」（83.5%）
[18:41:12]   抽样面板已打开
[18:41:12] 
  ── 样本：GC-33
[18:41:12]   AI 分析中...
[18:41:57]   AI 生成规则超时
[18:41:57]   面板处理完成（0 个样本）
[18:42:27] 
  [28] 分类「电气材料」解析率 84.6%
[18:42:27] 
  ▶ 处理分类「电气材料」（84.6%）
[18:42:27]   抽样面板已打开
[18:42:27] 
  ── 样本：3*40W
[18:42:27]   AI 分析中...
[18:42:31]   AI 生成 2 条规则
[18:42:32]   确认录入 2 条规则
[18:42:32]   抽样面板已消失，停止处理
[18:42:32]   面板处理完成（1 个样本）
[18:43:02]   清洗已触发（1 个样本）
[18:43:02]   等待清洗完成...
[18:43:03]   清洗完成（1s）
[18:43:04] 
  [29] 分类「电气材料」解析率 84.6%
[18:43:04] 
  ▶ 处理分类「电气材料」（84.6%）
[18:43:04]   抽样面板已打开
[18:43:04] 
  ── 样本：开关防水盒
[18:43:04]   AI 分析中...
[18:43:49]   AI 生成规则超时
[18:43:49]   面板处理完成（0 个样本）
[18:44:19] 
  [30] 分类「电气材料」解析率 87.9%
[18:44:19] 
  ▶ 处理分类「电气材料」（87.9%）
[18:44:19]   抽样面板已打开
[18:44:19] 
  ── 样本：开关防水盒
[18:44:20]   AI 分析中...
[18:45:05]   AI 生成规则超时
[18:45:05]   面板处理完成（0 个样本）
[18:45:35] 
  [31] 分类「电气材料」解析率 87.9%
[18:45:35] 
  ▶ 处理分类「电气材料」（87.9%）
[18:45:35]   抽样面板已打开
[18:45:35] 
  ── 样本：开关防水盒
[18:45:35]   AI 分析中...
[18:46:20]   AI 生成规则超时
[18:46:20]   面板处理完成（0 个样本）
[18:46:50] 
  [32] 分类「电气材料」解析率 87.9%
[18:46:50] 
  ▶ 处理分类「电气材料」（87.9%）
[18:46:50]   抽样面板已打开
[18:46:50] 
  ── 样本：开关防水盒
[18:46:50]   AI 分析中...
[18:47:35]   AI 生成规则超时
[18:47:35]   面板处理完成（0 个样本）
[18:48:06] 
  [33] 分类「电气材料」解析率 87.9%
[18:48:06] 
  ▶ 处理分类「电气材料」（87.9%）
[18:48:06]   抽样面板已打开
[18:48:06] 
  ── 样本：开关防水盒
[18:48:06]   AI 分析中...
[18:48:51]   AI 生成规则超时
[18:48:51]   面板处理完成（0 个样本）
[18:49:21] 
  [34] 分类「电气材料」解析率 87.9%
[18:49:21] 
  ▶ 处理分类「电气材料」（87.9%）
[18:49:21]   抽样面板已打开
[18:49:21] 
  ── 样本：开关防水盒
[18:49:21]   AI 分析中...
[18:50:06]   AI 生成规则超时
[18:50:06]   面板处理完成（0 个样本）
[18:50:36] 
  [35] 分类「电气材料」解析率 87.9%
[18:50:36] 
  ▶ 处理分类「电气材料」（87.9%）
[18:50:37]   抽样面板已打开
[18:50:37] 
  ── 样本：开关防水盒
[18:50:37]   AI 分析中...
[18:51:22]   AI 生成规则超时
[18:51:22]   面板处理完成（0 个样本）
[18:51:52] 
  [36] 分类「电气材料」解析率 87.9%
[18:51:52] 
  ▶ 处理分类「电气材料」（87.9%）
[18:51:52]   抽样面板已打开
[18:51:52] 
  ── 样本：开关防水盒
[18:51:52]   AI 分析中...
[18:52:37]   AI 生成规则超时
[18:52:37]   面板处理完成（0 个样本）
[18:53:08] 
  [37] 分类「电气材料」解析率 87.9%
[18:53:08] 
  ▶ 处理分类「电气材料」（87.9%）
[18:53:08]   抽样面板已打开
[18:53:08] 
  ── 样本：开关防水盒
[18:53:08]   AI 分析中...
