run.sh: line 24: exec: setsid: not found
[16:17:32] 目标城市：['rizhao']，headless=False
[16:17:32] 复用 OpenClaw 已有浏览器（CDP: http://127.0.0.1:18800），当前 URL: http://localhost:5300/
[16:17:34] 
============================================================
[16:17:34] ▶ 开始处理城市：日照 (rizhao)
[16:17:34] ============================================================
[16:17:37]   展开城市：日照
[16:17:39]   点击 DWD 按钮（2,102条）
[16:17:40] 
  [1] 分类「混凝土预制构件」解析率 0.0%
[16:17:40] 
  ▶ 处理分类「混凝土预制构件」（当前解析率 0.0%）
[16:17:40]   抽样面板已打开
[16:17:40] 
  ── 样本：C20
[16:17:42]   AI 分析中...
[16:17:49]   AI 生成 1 条规则建议
[16:17:49]   AI 生成 1 条规则建议
[16:17:51]   确认录入 1 条规则
[16:17:54]   抽样面板已关闭，跳出
[16:17:56]   清洗已触发
[16:17:56]   等待清洗完成...
[16:18:01]   清洗完成（耗时 5s）
[16:18:31]   抽样面板已关闭（处理 1 个样本）
[16:18:39]   分类「混凝土预制构件」解析率 0.0%（< 80%），继续处理
[16:18:39] 
  [2] 分类「混凝土预制构件」解析率 0.0%
[16:18:39] 
  ▶ 处理分类「混凝土预制构件」（当前解析率 0.0%）
[16:18:40]   抽样面板已打开
[16:18:40] 
  ── 样本：C15
[16:18:41]   AI 分析中...
[16:18:46]   AI 生成 1 条规则建议
[16:18:46]   AI 生成 1 条规则建议
[16:18:47]   确认录入 1 条规则
[16:18:51]   抽样面板已关闭，跳出
[16:18:52]   清洗已触发
[16:18:52]   等待清洗完成...
[16:18:57]   清洗完成（耗时 5s）
[16:19:27]   抽样面板已关闭（处理 1 个样本）
[16:19:36]   分类「混凝土预制构件」解析率 0.0%（< 80%），继续处理
[16:19:36] 
  [3] 分类「混凝土预制构件」解析率 0.0%
[16:19:36] 
  ▶ 处理分类「混凝土预制构件」（当前解析率 0.0%）
[16:19:36]   抽样面板已打开
[16:19:36] 
  ── 样本：C15
[16:19:38]   AI 分析中...
[16:19:42]   AI 生成 1 条规则建议
[16:19:42]   AI 生成 1 条规则建议
[16:19:44]   确认录入 1 条规则
[16:19:47]   抽样面板已关闭，跳出
[16:19:48]   清洗已触发
[16:19:48]   等待清洗完成...
[16:19:53]   清洗完成（耗时 5s）
[16:20:24]   抽样面板已关闭（处理 1 个样本）
[16:34:33] 目标城市：['rizhao']，headless=False
[16:34:33] CDP 连接失败（BrowserType.connect_over_cdp: connect ECONNREFUSED 127.0.0.1:18800
Call log:
  - <ws preparing> retrieving websocket url from http://127.0.0.1:18800
），启动新浏览器
Traceback (most recent call last):
  File "/Users/pengfit/.openclaw/workspace/skills/gov-price-auto-mine/scripts/playwright-auto-mine.py", line 476, in run
    browser = pw.chromium.connect_over_cdp(cdp_url)
  File "/Library/Frameworks/Python.framework/Versions/3.14/lib/python3.14/site-packages/playwright/sync_api/_generated.py", line 15528, in connect_over_cdp
    self._sync(
    ~~~~~~~~~~^
        self._impl_obj.connect_over_cdp(
        ^^^^^^^^^^^^^^^^^^^^^^^^^^^^^^^^
    ...<5 lines>...
        )
        ^
    )
    ^
  File "/Library/Frameworks/Python.framework/Versions/3.14/lib/python3.14/site-packages/playwright/_impl/_sync_base.py", line 115, in _sync
    return task.result()
           ~~~~~~~~~~~^^
  File "/Library/Frameworks/Python.framework/Versions/3.14/lib/python3.14/site-packages/playwright/_impl/_browser_type.py", line 208, in connect_over_cdp
    response = await self._channel.send_return_as_dict(
               ^^^^^^^^^^^^^^^^^^^^^^^^^^^^^^^^^^^^^^^^
        "connectOverCDP", TimeoutSettings.launch_timeout, params
        ^^^^^^^^^^^^^^^^^^^^^^^^^^^^^^^^^^^^^^^^^^^^^^^^^^^^^^^^
    )
    ^
  File "/Library/Frameworks/Python.framework/Versions/3.14/lib/python3.14/site-packages/playwright/_impl/_connection.py", line 83, in send_return_as_dict
    return await self._connection.wrap_api_call(
           ^^^^^^^^^^^^^^^^^^^^^^^^^^^^^^^^^^^^^
    ...<3 lines>...
    )
    ^
  File "/Library/Frameworks/Python.framework/Versions/3.14/lib/python3.14/site-packages/playwright/_impl/_connection.py", line 559, in wrap_api_call
    raise rewrite_error(error, f"{parsed_st['apiName']}: {error}") from None
playwright._impl._errors.Error: BrowserType.connect_over_cdp: connect ECONNREFUSED 127.0.0.1:18800
Call log:
  - <ws preparing> retrieving websocket url from http://127.0.0.1:18800


During handling of the above exception, another exception occurred:

Traceback (most recent call last):
  File "/Users/pengfit/.openclaw/workspace/skills/gov-price-auto-mine/scripts/playwright-auto-mine.py", line 558, in <module>
    run(target_cities, headless=args.headless)
    ~~~^^^^^^^^^^^^^^^^^^^^^^^^^^^^^^^^^^^^^^^
  File "/Users/pengfit/.openclaw/workspace/skills/gov-price-auto-mine/scripts/playwright-auto-mine.py", line 498, in run
    pw = sync_playwright().start()
  File "/Library/Frameworks/Python.framework/Versions/3.14/lib/python3.14/site-packages/playwright/sync_api/_context_manager.py", line 84, in start
    return self.__enter__()
           ~~~~~~~~~~~~~~^^
  File "/Library/Frameworks/Python.framework/Versions/3.14/lib/python3.14/site-packages/playwright/sync_api/_context_manager.py", line 47, in __enter__
                raise Error(
    ...<2 lines>...
                )
playwright._impl._errors.Error: It looks like you are using Playwright Sync API inside the asyncio loop.
Please use the Async API instead.
[16:35:08] 目标城市：['rizhao']，headless=False
[16:35:08] 复用 OpenClaw 已有浏览器（CDP: http://127.0.0.1:18800），当前 URL: chrome://new-tab-page/
[16:35:08] CDP 连接失败（Page.goto: net::ERR_CONNECTION_REFUSED at http://localhost:5300/
Call log:
  - navigating to "http://localhost:5300/", waiting until "networkidle"
），启动新浏览器
Traceback (most recent call last):
  File "/Users/pengfit/.openclaw/workspace/skills/gov-price-auto-mine/scripts/playwright-auto-mine.py", line 494, in run
    page.goto(DASHBOARD_URL, wait_until="networkidle", timeout=30000)
    ~~~~~~~~~^^^^^^^^^^^^^^^^^^^^^^^^^^^^^^^^^^^^^^^^^^^^^^^^^^^^^^^^
  File "/Library/Frameworks/Python.framework/Versions/3.14/lib/python3.14/site-packages/playwright/sync_api/_generated.py", line 9362, in goto
    self._sync(
    ~~~~~~~~~~^
        self._impl_obj.goto(
        ^^^^^^^^^^^^^^^^^^^^
            url=url, timeout=timeout, waitUntil=wait_until, referer=referer
            ^^^^^^^^^^^^^^^^^^^^^^^^^^^^^^^^^^^^^^^^^^^^^^^^^^^^^^^^^^^^^^^
        )
        ^
    )
    ^
  File "/Library/Frameworks/Python.framework/Versions/3.14/lib/python3.14/site-packages/playwright/_impl/_sync_base.py", line 115, in _sync
    return task.result()
           ~~~~~~~~~~~^^
  File "/Library/Frameworks/Python.framework/Versions/3.14/lib/python3.14/site-packages/playwright/_impl/_page.py", line 552, in goto
    return await self._main_frame.goto(**locals_to_params(locals()))
           ^^^^^^^^^^^^^^^^^^^^^^^^^^^^^^^^^^^^^^^^^^^^^^^^^^^^^^^^^
  File "/Library/Frameworks/Python.framework/Versions/3.14/lib/python3.14/site-packages/playwright/_impl/_frame.py", line 153, in goto
    await self._channel.send(
        "goto", self._navigation_timeout, locals_to_params(locals())
    )
  File "/Library/Frameworks/Python.framework/Versions/3.14/lib/python3.14/site-packages/playwright/_impl/_connection.py", line 69, in send
    return await self._connection.wrap_api_call(
           ^^^^^^^^^^^^^^^^^^^^^^^^^^^^^^^^^^^^^
    ...<3 lines>...
    )
    ^
  File "/Library/Frameworks/Python.framework/Versions/3.14/lib/python3.14/site-packages/playwright/_impl/_connection.py", line 559, in wrap_api_call
    raise rewrite_error(error, f"{parsed_st['apiName']}: {error}") from None
playwright._impl._errors.Error: Page.goto: net::ERR_CONNECTION_REFUSED at http://localhost:5300/
Call log:
  - navigating to "http://localhost:5300/", waiting until "networkidle"


During handling of the above exception, another exception occurred:

Traceback (most recent call last):
  File "/Users/pengfit/.openclaw/workspace/skills/gov-price-auto-mine/scripts/playwright-auto-mine.py", line 558, in <module>
    run(target_cities, headless=args.headless)
    ~~~^^^^^^^^^^^^^^^^^^^^^^^^^^^^^^^^^^^^^^^
  File "/Users/pengfit/.openclaw/workspace/skills/gov-price-auto-mine/scripts/playwright-auto-mine.py", line 498, in run
    pw = sync_playwright().start()
  File "/Library/Frameworks/Python.framework/Versions/3.14/lib/python3.14/site-packages/playwright/sync_api/_context_manager.py", line 84, in start
    return self.__enter__()
           ~~~~~~~~~~~~~~^^
  File "/Library/Frameworks/Python.framework/Versions/3.14/lib/python3.14/site-packages/playwright/sync_api/_context_manager.py", line 47, in __enter__
                raise Error(
    ...<2 lines>...
                )
playwright._impl._errors.Error: It looks like you are using Playwright Sync API inside the asyncio loop.
Please use the Async API instead.
[16:35:52] 目标城市：['rizhao']，headless=False
[16:35:52] 复用 OpenClaw 已有浏览器（CDP: http://127.0.0.1:18800），当前 URL: http://localhost:5300/
[16:35:54] 
============================================================
[16:35:54] ▶ 开始处理城市：日照 (rizhao)
[16:35:54] ============================================================
[16:35:56]   展开城市：日照
[16:35:59]   点击 DWD 按钮（2,102条）
[16:35:59] 
  [1] 分类「钢材金属材料」解析率 10.4%
[16:35:59] 
  ▶ 处理分类「钢材金属材料」（当前解析率 10.4%）
[16:36:00]   抽样面板已打开
[16:36:00] 
  ── 样本：3.5mm Q235
[16:36:01]   AI 分析中...
[16:36:09]   AI 生成 2 条规则建议
[16:36:09]   AI 生成 2 条规则建议
[16:36:12]   确认录入 2 条规则
[16:36:16]   抽样面板已关闭，跳出
[16:36:17]   清洗已触发
[16:36:17]   等待清洗完成...
[16:36:22]   清洗完成（耗时 5s）
[16:36:52]   抽样面板已关闭（处理 1 个样本）
[16:37:00]   分类「钢材金属材料」解析率 10.4%（< 100%），继续处理
[16:37:00] 
  [2] 分类「钢材金属材料」解析率 10.4%
[16:37:00] 
  ▶ 处理分类「钢材金属材料」（当前解析率 10.4%）
[16:37:01]   抽样面板已打开
[16:37:01] 
  ── 样本：16# Q235
[16:37:02]   AI 分析中...
[16:37:10]   AI 生成 2 条规则建议
[16:37:10]   AI 生成 2 条规则建议
[16:37:13]   确认录入 2 条规则
[16:37:16]   抽样面板已关闭，跳出
[16:37:18]   清洗已触发
[16:37:18]   等待清洗完成...
[16:37:23]   清洗完成（耗时 5s）
[16:37:53]   抽样面板已关闭（处理 1 个样本）
[16:38:01]   分类「钢材金属材料」解析率 14.8%（< 100%），继续处理
[16:38:01] 
  [3] 分类「钢材金属材料」解析率 14.8%
[16:38:01] 
  ▶ 处理分类「钢材金属材料」（当前解析率 14.8%）
[16:38:02]   抽样面板已打开
[16:38:02] 
  ── 样本：Φ28 Q235
[16:38:03]   AI 分析中...
[16:38:11]   AI 生成 2 条规则建议
[16:38:11]   AI 生成 2 条规则建议
[16:38:14]   确认录入 2 条规则
[16:38:17]   抽样面板已关闭，跳出
[16:38:18]   清洗已触发
[16:38:18]   等待清洗完成...
[16:38:23]   清洗完成（耗时 5s）
[16:38:54]   抽样面板已关闭（处理 1 个样本）
[16:39:02]   分类「钢材金属材料」解析率 30.4%（< 100%），继续处理
[16:39:02] 
  [4] 分类「钢材金属材料」解析率 30.4%
[16:39:02] 
  ▶ 处理分类「钢材金属材料」（当前解析率 30.4%）
[16:39:03]   抽样面板已打开
[16:39:03] 
  ── 样本：1.0mm
[16:39:04]   AI 分析中...
[16:39:12]   AI 生成 1 条规则建议
[16:39:12]   AI 生成 1 条规则建议
[16:39:13]   确认录入 1 条规则
[16:39:17]   抽样面板已关闭，跳出
[16:39:18]   清洗已触发
[16:39:18]   等待清洗完成...
[16:39:23]   清洗完成（耗时 5s）
[16:39:53]   抽样面板已关闭（处理 1 个样本）
[16:40:01]   分类「钢材金属材料」解析率 30.4%（< 100%），继续处理
[16:40:01] 
  [5] 分类「钢材金属材料」解析率 30.4%
[16:40:01] 
  ▶ 处理分类「钢材金属材料」（当前解析率 30.4%）
[16:40:02]   抽样面板已打开
[16:40:02] 
  ── 样本：Φ8、Φ10
[16:40:03]   AI 分析中...
[16:40:15] 目标城市：['rizhao']，headless=False
[16:40:15] 复用 OpenClaw 已有浏览器（CDP: http://127.0.0.1:18800），当前 URL: http://localhost:5300/
[16:40:17] 
============================================================
[16:40:17] ▶ 开始处理城市：日照 (rizhao)
[16:40:17] ============================================================
[16:40:20]   展开城市：日照
[16:40:22]   点击 DWD 按钮（2,102条）
[16:40:23] 
  [1] 分类「钢材金属材料」解析率 33.0%
[16:40:23] 
  ▶ 处理分类「钢材金属材料」（当前解析率 33.0%）
[16:40:23]   抽样面板已打开
[16:40:23] 
  ── 样本：Φ16 HRB400E
[16:40:25]   AI 分析中...
[16:40:32]   AI 生成 2 条规则建议
[16:40:32]   AI 生成 2 条规则建议
[16:40:35]   确认录入 2 条规则
[16:40:39]   抽样面板已关闭，跳出
[16:40:40]   清洗已触发
[16:40:40]   等待清洗完成...
[16:40:45]   清洗完成（耗时 5s）
[16:41:25]   抽样面板已关闭（处理 1 个样本）
[16:41:28]   分类「钢材金属材料」解析率 38.3%（< 100%），继续处理
[16:41:29] 
  [2] 分类「钢材金属材料」解析率 38.3%
[16:41:29] 
  ▶ 处理分类「钢材金属材料」（当前解析率 38.3%）
[16:41:29]   抽样面板已打开
[16:41:29] 
  ── 样本：H350*175*7*11 Q235
[16:41:31]   AI 分析中...
[16:41:41]   AI 生成 5 条规则建议
[16:41:41]   AI 生成 5 条规则建议
[16:41:49]   确认录入 5 条规则
[16:41:52]   抽样面板已关闭，跳出
[16:41:54]   清洗已触发
[16:41:54]   等待清洗完成...
[16:41:59]   清洗完成（耗时 5s）
[16:42:39]   抽样面板已关闭（处理 1 个样本）
[16:42:42]   分类「钢材金属材料」解析率 53.0%（< 100%），继续处理
[16:42:42] 
  [3] 分类「钢材金属材料」解析率 53.0%
[16:42:42] 
  ▶ 处理分类「钢材金属材料」（当前解析率 53.0%）
[16:42:43]   抽样面板已打开
[16:42:43] 
  ── 样本：3.0*1250 SGH440+Z275
[16:42:44]   AI 分析中...
[16:42:52]   AI 生成 4 条规则建议
[16:42:52]   AI 生成 4 条规则建议
[16:42:58]   确认录入 4 条规则
[16:43:02]   抽样面板已关闭，跳出
[16:43:03]   清洗已触发
[16:43:03]   等待清洗完成...
[16:43:08]   清洗完成（耗时 5s）
[16:43:48]   抽样面板已关闭（处理 1 个样本）
[16:43:51]   分类「钢材金属材料」解析率 58.3%（< 100%），继续处理
[16:43:51] 
  [4] 分类「钢材金属材料」解析率 58.3%
[16:43:51] 
  ▶ 处理分类「钢材金属材料」（当前解析率 58.3%）
[16:43:52]   抽样面板已打开
[16:43:52] 
  ── 样本：0.5mm
[16:43:53]   AI 分析中...
[16:44:01]   AI 生成 1 条规则建议
[16:44:01]   AI 生成 1 条规则建议
[16:44:02]   确认录入 1 条规则
[16:44:06]   抽样面板已关闭，跳出
[16:44:07]   清洗已触发
[16:44:07]   等待清洗完成...
[16:44:12]   清洗完成（耗时 5s）
[16:44:53]   抽样面板已关闭（处理 1 个样本）
[16:44:56]   分类「钢材金属材料」解析率 62.6%（< 100%），继续处理
[16:44:56] 
  [5] 分类「钢材金属材料」解析率 62.6%
[16:44:56] 
  ▶ 处理分类「钢材金属材料」（当前解析率 62.6%）
[16:44:56]   抽样面板已打开
[16:44:56] 
  ── 样本：50*50*4 Q235
[16:44:58]   AI 分析中...
[16:45:11]   AI 生成 3 条规则建议
[16:45:11]   AI 生成 3 条规则建议
[16:45:14] 目标城市：['rizhao']，headless=False
[16:45:15] 复用 OpenClaw 浏览器（CDP: http://127.0.0.1:18800），当前 URL: http://localhost:5300/
[16:45:16] 
============================================================
[16:45:16] ▶ 开始处理城市：日照 (rizhao)
[16:45:16] ============================================================
[16:45:18]   展开城市：日照
[16:45:19]   点击 DWD 按钮（2,102条）
[16:45:20] 
  [1] 分类「钢材金属材料」解析率 68.7%
[16:45:20] 
  ▶ 处理分类「钢材金属材料」（68.7%）
[16:45:20]   抽样面板已打开
[16:45:20]   发现 10 个未解析样本，批量处理
[16:45:20] 
  ── [1/10] 80*80*8 Q235
[16:45:20]   AI 分析中...
[16:45:27]   AI 生成 3 条规则
[16:45:28]   确认录入 3 条规则
[16:45:28] 
  ── [2/10] Φ6
[16:46:28]   样本点击失败，跳过
[16:46:28] 
  ── [3/10] 8mm Q235
[16:47:59] 目标城市：['rizhao']，headless=False
[16:47:59] 复用 OpenClaw 浏览器（CDP: http://127.0.0.1:18800），当前 URL: http://localhost:5300/
[16:48:00] 
============================================================
[16:48:00] ▶ 开始处理城市：日照 (rizhao)
[16:48:00] ============================================================
[16:48:02]   展开城市：日照
[16:48:03]   点击 DWD 按钮（2,102条）
[16:48:04] 
  [1] 分类「钢材金属材料」解析率 68.7%
[16:48:04] 
  ▶ 处理分类「钢材金属材料」（68.7%）
[16:48:04]   抽样面板已打开
[16:48:05]   清洗已触发（0 个样本）
[16:48:05]   等待清洗完成...
[16:48:08]   清洗完成（3s）
[16:48:11]   分类「钢材金属材料」处理完成（0 个样本）
[16:48:14]   分类「钢材金属材料」68.7%（< 100%），继续
[16:48:14] 
  [2] 分类「钢材金属材料」解析率 68.7%
[16:48:14] 
  ▶ 处理分类「钢材金属材料」（68.7%）
[16:48:14]   抽样面板已打开
[16:48:15]   清洗已触发（0 个样本）
[16:48:15]   等待清洗完成...
[16:48:18]   清洗完成（3s）
[16:48:21]   分类「钢材金属材料」处理完成（0 个样本）
[16:48:24]   分类「钢材金属材料」73.0%（< 100%），继续
[16:48:24] 
  [3] 分类「钢材金属材料」解析率 73.0%
[16:48:24] 
  ▶ 处理分类「钢材金属材料」（73.0%）
[16:48:24]   抽样面板已打开
[16:48:25]   清洗已触发（0 个样本）
[16:48:25]   等待清洗完成...
[16:48:28]   清洗完成（3s）
[16:48:31]   分类「钢材金属材料」处理完成（0 个样本）
[16:48:34]   分类「钢材金属材料」73.0%（< 100%），继续
[16:48:34] 
  [4] 分类「钢材金属材料」解析率 73.0%
[16:48:34] 
  ▶ 处理分类「钢材金属材料」（73.0%）
[16:48:34]   抽样面板已打开
[16:48:35]   清洗已触发（0 个样本）
[16:48:35]   等待清洗完成...
[16:48:38]   清洗完成（3s）
[16:48:41]   分类「钢材金属材料」处理完成（0 个样本）
[16:48:44]   分类「钢材金属材料」73.0%（< 100%），继续
[16:48:44] 
  [5] 分类「钢材金属材料」解析率 73.0%
[16:48:44] 
  ▶ 处理分类「钢材金属材料」（73.0%）
[16:48:44]   抽样面板已打开
[16:48:45]   清洗已触发（0 个样本）
[16:48:45]   等待清洗完成...
[16:48:48]   清洗完成（3s）
[16:48:51]   分类「钢材金属材料」处理完成（0 个样本）
[16:48:54]   分类「钢材金属材料」73.0%（< 100%），继续
[16:48:54] 
  [6] 分类「钢材金属材料」解析率 73.0%
[16:48:54] 
  ▶ 处理分类「钢材金属材料」（73.0%）
[16:48:54]   抽样面板已打开
[16:48:55]   清洗已触发（0 个样本）
[16:48:55]   等待清洗完成...
[16:48:58]   清洗完成（3s）
[16:49:01]   分类「钢材金属材料」处理完成（0 个样本）
[16:49:04]   分类「钢材金属材料」73.0%（< 100%），继续
[16:49:04] 
  [7] 分类「钢材金属材料」解析率 73.0%
[16:49:04] 
  ▶ 处理分类「钢材金属材料」（73.0%）
[16:49:04]   抽样面板已打开
[16:49:05]   清洗已触发（0 个样本）
[16:49:05]   等待清洗完成...
[16:49:07] 目标城市：['rizhao']，headless=False
[16:49:07] 复用 OpenClaw 浏览器（CDP: http://127.0.0.1:18800），当前 URL: http://localhost:5300/
[16:49:08] 
============================================================
[16:49:08] ▶ 开始处理城市：日照 (rizhao)
[16:49:08] ============================================================
[16:49:10]   展开城市：日照
[16:49:11]   点击 DWD 按钮（2,102条）
[16:49:12] 
  [1] 分类「钢材金属材料」解析率 73.0%
[16:49:12] 
  ▶ 处理分类「钢材金属材料」（73.0%）
[16:49:12]   抽样面板已打开
[16:49:12]   发现 10 个未解析样本，批量处理
[16:49:12] 
  ── [1/10] Φ18-22
[16:49:13]   AI 分析中...
[16:49:23]   AI 生成 1 条规则
[16:49:23]   确认录入 1 条规则
[16:49:23] 
  ── [2/10] 8mm Q235
[16:49:26]   抽样面板已关闭，停止批量处理
[16:50:44] 目标城市：['rizhao']，headless=False
[16:50:44] 复用 OpenClaw 浏览器（CDP: http://127.0.0.1:18800），当前 URL: http://localhost:5300/
[16:50:45] 
============================================================
[16:50:45] ▶ 开始处理城市：日照 (rizhao)
[16:50:45] ============================================================
[16:50:47]   展开城市：日照
[16:50:49]   点击 DWD 按钮（2,102条）
[16:50:49] 
  [1] 分类「钢材金属材料」解析率 73.5%
[16:50:49] 
  ▶ 处理分类「钢材金属材料」（73.5%）
[16:50:50]   抽样面板已打开
[16:50:50]   发现 10 个未解析样本，批量处理
[16:50:50] 
  ── [1/10] 3#—10# Q235
[16:50:50]   AI 分析中...
[16:50:56]   AI 生成 2 条规则
[16:50:57]   确认录入 2 条规则
[16:52:10] 目标城市：['rizhao']，headless=False
[16:52:10] 复用 OpenClaw 浏览器（CDP: http://127.0.0.1:18800），当前 URL: http://localhost:5300/
[16:52:11] 
============================================================
[16:52:11] ▶ 开始处理城市：日照 (rizhao)
[16:52:11] ============================================================
[16:52:13]   展开城市：日照
[16:52:15]   点击 DWD 按钮（2,102条）
[16:52:15] 
  [1] 分类「钢材金属材料」解析率 73.5%
[16:52:15] 
  ▶ 处理分类「钢材金属材料」（73.5%）
[16:52:15]   抽样面板已打开
[16:52:15]   发现 10 个未解析样本，批量处理
[16:52:15] 
  ── [1/10] Φ16、Φ25
[16:52:27]   fix-case 弹窗未出现，跳过
[16:52:27] 
  ── [2/10] 8mm Q235
[16:52:39]   fix-case 弹窗未出现，跳过
[16:52:39] 
  ── [3/10] 2.5mm Q235
[16:54:12] 目标城市：['rizhao']，headless=False
[16:54:12] 复用 OpenClaw 浏览器（CDP: http://127.0.0.1:18800），当前 URL: http://localhost:5300/
[16:54:13] 
============================================================
[16:54:13] ▶ 开始处理城市：日照 (rizhao)
[16:54:13] ============================================================
[16:54:15]   展开城市：日照
[16:54:17]   点击 DWD 按钮（2,102条）
[16:54:17] 
  [1] 分类「钢材金属材料」解析率 73.5%
[16:54:17] 
  ▶ 处理分类「钢材金属材料」（73.5%）
[16:54:18]   抽样面板已打开
[16:54:18]   发现 10 个未解析样本，批量处理
[16:54:18] 
  ── [1/10] Φ8、Φ10
[16:54:19]   AI 分析中...
[16:54:23]   AI 生成 1 条规则
[16:54:23]   确认录入 1 条规则
[16:54:24] 
  ── [2/10] 8mm Q235
[16:54:24]   抽样面板已关闭，停止批量处理
[16:54:54]   清洗已触发（1 个样本）
[16:54:54]   等待清洗完成...
[16:54:57]   清洗完成（3s）
