[17:52:07] 目标城市：['rizhao']，headless=False
[17:52:07] 复用 OpenClaw 浏览器（CDP: http://127.0.0.1:18800），当前 URL: http://localhost:5300/
[17:52:08] 
============================================================
[17:52:08] ▶ 开始处理城市：日照 (rizhao)
[17:52:08] ============================================================
[17:52:10]   展开城市：日照
[17:52:12]   点击 DWD 按钮（2,102条）
[17:52:12] 
  [1] 分类「市政工程材料」解析率 63.5%
[17:52:12] 
  ▶ 处理分类「市政工程材料」（63.5%）
[17:52:13]   抽样面板已打开
[17:52:13] 
  ── 样本：DN700 8KN
[17:52:13]   AI 分析中...
[17:52:17]   AI 生成 2 条规则
[17:52:17]   确认录入 2 条规则
[17:52:18]   抽样面板已消失，停止处理
[17:52:18]   面板处理完成（1 个样本）
[17:52:48]   清洗已触发（1 个样本）
[17:52:48]   等待清洗完成...
[17:52:49]   清洗完成（1s）
[17:52:50]   所有分类已达 100%
[17:52:50] 
  ✅ 城市 日照 处理完成
[17:52:50] 
全部城市处理完成
